2018-06-16 12:41:02.180 [Thread-4] INFO  MailServer - S: 220 www.imbelief.com Esmtp Belief Mail Server

2018-06-16 12:41:02.215 [Thread-11] INFO  MailServer - R: HELO 127.0.0.1
2018-06-16 12:41:02.215 [Thread-11] INFO  MailServer - S: 250 Ok www.imbelief.com

2018-06-16 12:41:02.217 [Thread-11] INFO  MailServer - R: STARTTLS 127.0.0.1
2018-06-16 12:41:02.217 [Thread-11] INFO  MailServer - S: 502 Error: command not implemented

2018-06-16 12:41:02.218 [Thread-11] INFO  MailServer - R: AUTH LOGIN
2018-06-16 12:41:02.219 [Thread-11] INFO  MailServer - S: 334 VXNlcm5hbWU6

2018-06-16 12:41:02.288 [Thread-11] INFO  MailServer - R: Mjk2MjkzNzYwQGltYmVsaWVmLmNvbS5jbg==
2018-06-16 12:41:02.289 [Thread-11] INFO  MailServer - S: 334 VXNlcm5hbWU6

2018-06-16 12:41:02.293 [Thread-11] INFO  MailServer - R: dnp1amF1YmtzbWh2Ymhj
2018-06-16 12:41:02.299 [Thread-11] INFO  MailServer - S: 235 Authentication successful

2018-06-16 12:41:02.300 [Thread-11] INFO  MailServer - R: MAIL FROM:<296293760@imbelief.com.cn>
2018-06-16 12:41:02.300 [Thread-11] INFO  MailServer - S: 250 Ok www.imbelief.com

2018-06-16 12:41:02.301 [Thread-11] INFO  MailServer - R: RCPT TO:<891079011@qq.com>
2018-06-16 12:41:02.301 [Thread-11] INFO  MailServer - S: 250 Ok www.imbelief.com

2018-06-16 12:41:02.302 [Thread-11] INFO  MailServer - R: RCPT TO:<296293760@imbelief.com.cn>
2018-06-16 12:41:02.302 [Thread-11] INFO  MailServer - S: 250 Ok www.imbelief.com

2018-06-16 12:41:02.303 [Thread-11] INFO  MailServer - R: DATA
2018-06-16 12:41:02.304 [Thread-11] INFO  MailServer - S: 354 End data with <CR><LF>.<CR><LF>

2018-06-16 12:41:02.351 [Thread-11] INFO  MailServer - R: From:<296293760@imbelief.com.cn>
2018-06-16 12:41:02.352 [Thread-11] INFO  MailServer - R: To:<891079011@qq.com>
2018-06-16 12:41:02.352 [Thread-11] INFO  MailServer - R: To:<296293760@imbelief.com.cn>
2018-06-16 12:41:02.352 [Thread-11] INFO  MailServer - R: Subject:Just a Test
2018-06-16 12:41:02.352 [Thread-11] INFO  MailServer - R: Date:Sat Jun 16 12:41:02 GMT+08:00 2018
2018-06-16 12:41:02.352 [Thread-11] INFO  MailServer - R: Content-Type:text/plain;charset="GB2312"
2018-06-16 12:41:02.352 [Thread-11] INFO  MailServer - R: 
2018-06-16 12:41:02.353 [Thread-11] INFO  MailServer - R: This email from command line. Cross the GFW, we can reach every corner in the world !
2018-06-16 12:41:02.353 [Thread-11] INFO  MailServer - R: .
2018-06-16 12:41:02.656 [Thread-11] INFO  MailServer - S: 250 Ok www.imbelief.com

2018-06-16 12:41:02.657 [Thread-11] INFO  MailServer - R: QUIT
2018-06-16 12:41:02.657 [Thread-11] INFO  MailServer - S: 221 Bye

