2018-05-16 22:18:09.901 [Thread-0] INFO  MailServer - S: 220 www.imbelief.com Esmtp Belief Mail Server

2018-05-16 22:18:09.917 [Thread-3] INFO  MailServer - R: HELO 127.0.0.1
2018-05-16 22:18:09.919 [Thread-3] INFO  MailServer - S: 250 Ok www.imbelief.com

2018-05-16 22:18:09.921 [Thread-3] INFO  MailServer - R: STARTTLS 127.0.0.1
2018-05-16 22:18:09.921 [Thread-3] INFO  MailServer - S: 502 Error: command not implemented

2018-05-16 22:18:09.922 [Thread-3] INFO  MailServer - R: AUTH LOGIN
2018-05-16 22:18:09.923 [Thread-3] INFO  MailServer - S: 334 VXNlcm5hbWU6

2018-05-16 22:18:10.051 [Thread-3] INFO  MailServer - R: Mjk2MjkzNzYwQGltYmVsaWVmLmNvbS5jbg==
2018-05-16 22:18:10.052 [Thread-3] INFO  MailServer - S: 334 VXNlcm5hbWU6

2018-05-16 22:18:10.054 [Thread-3] INFO  MailServer - R: dnp1amF1YmtzbWh2Ymhj
2018-05-16 22:18:10.435 [Thread-3] INFO  MailServer - S: 235 Authentication successful

2018-05-16 22:18:10.436 [Thread-3] INFO  MailServer - R: MAIL FROM:<296293760@imbelief.com.cn>
2018-05-16 22:18:10.436 [Thread-3] INFO  MailServer - S: 250 Ok www.imbelief.com

2018-05-16 22:18:10.437 [Thread-3] INFO  MailServer - R: RCPT TO:<891079011@qq.com>
2018-05-16 22:18:10.438 [Thread-3] INFO  MailServer - S: 250 Ok www.imbelief.com

2018-05-16 22:18:10.454 [Thread-3] INFO  MailServer - R: RCPT TO:<296293760@imbelief.com.cn>
2018-05-16 22:18:10.455 [Thread-3] INFO  MailServer - S: 250 Ok www.imbelief.com

2018-05-16 22:18:10.457 [Thread-3] INFO  MailServer - R: DATA
2018-05-16 22:18:10.457 [Thread-3] INFO  MailServer - S: 354 End data with <CR><LF>.<CR><LF>

2018-05-16 22:18:10.507 [Thread-3] INFO  MailServer - R: From:<296293760@imbelief.com.cn>
2018-05-16 22:18:10.508 [Thread-3] INFO  MailServer - R: To:<891079011@qq.com>
2018-05-16 22:18:10.508 [Thread-3] INFO  MailServer - R: To:<296293760@imbelief.com.cn>
2018-05-16 22:18:10.508 [Thread-3] INFO  MailServer - R: Subject:Just a Test
2018-05-16 22:18:10.508 [Thread-3] INFO  MailServer - R: Date:Wed May 16 22:18:10 GMT+08:00 2018
2018-05-16 22:18:10.509 [Thread-3] INFO  MailServer - R: Content-Type:text/plain;charset="GB2312"
2018-05-16 22:18:10.509 [Thread-3] INFO  MailServer - R: 
2018-05-16 22:18:10.509 [Thread-3] INFO  MailServer - R: This email from command line. Cross the GFW, we can reach every corner in the world !
2018-05-16 22:18:10.509 [Thread-3] INFO  MailServer - R: .
2018-05-16 22:18:11.708 [Thread-3] INFO  MailServer - S: 250 Ok www.imbelief.com

2018-05-16 22:18:11.709 [Thread-3] INFO  MailServer - R: QUIT
2018-05-16 22:18:11.709 [Thread-3] INFO  MailServer - S: 221 Bye

